<?xml version="1.0" encoding="UTF-8"?>
<!-- Generated by org.testng.reporters.JUnitXMLReporter -->
<testsuite hostname="DESK-1986" name="Default test" tests="4" failures="0" timestamp="28 Jan 2020 09:35:15 GMT" time="34.662" errors="0">
  <testcase name="need_india_page" time="1.044" classname="com.Sulekha.User.UserSide.Need_Page"/>
  <testcase name="filter_india_page" time="5.058" classname="com.Sulekha.User.UserSide.Need_Page"/>
  <testcase name="Get_Quote" time="0.706" classname="com.Sulekha.User.UserSide.Need_Page"/>
  <testcase name="Save_To_Phone" time="14.55" classname="com.Sulekha.User.UserSide.Need_Page"/>
</testsuite> <!-- Default test -->
