<?xml version="1.0" encoding="UTF-8"?>
<!-- Generated by org.testng.reporters.JUnitXMLReporter -->
<testsuite hostname="DESK-1986" name="Test" tests="3" failures="1" timestamp="9 Jan 2020 06:40:15 GMT" time="0.118" errors="0">
  <testcase name="@AfterMethod getResult" time="0.0" classname="com.Sulekha.User.UserSide.ExtentReportnew">
    <failure type="org.testng.TestNGException" message="
Method getResult requires 2 parameters but 0 were supplied in the @Configuration annotation.">
      <![CDATA[org.testng.TestNGException: 
Method getResult requires 2 parameters but 0 were supplied in the @Configuration annotation.
... Removed 24 stack frames]]>
    </failure>
  </testcase> <!-- @AfterMethod getResult -->
  <testcase name="@AfterMethod getResult" time="0.0" classname="com.Sulekha.User.UserSide.ExtentReportnew">
    <skipped/>
  </testcase> <!-- @AfterMethod getResult -->
  <testcase name="@AfterMethod getResult" time="0.0" classname="com.Sulekha.User.UserSide.ExtentReportnew">
    <skipped/>
  </testcase> <!-- @AfterMethod getResult -->
  <testcase name="fail" time="0.007" classname="com.Sulekha.User.UserSide.ExtentReportnew">
    <failure type="java.lang.AssertionError" message="expected [true] but found [false]">
      <![CDATA[java.lang.AssertionError: expected [true] but found [false]
	at com.Sulekha.User.UserSide.ExtentReportnew.fail(ExtentReportnew.java:91)
... Removed 29 stack frames]]>
    </failure>
  </testcase> <!-- fail -->
  <testcase name="pass" time="0.001" classname="com.Sulekha.User.UserSide.ExtentReportnew">
    <skipped/>
  </testcase> <!-- pass -->
  <testcase name="skip" time="0.001" classname="com.Sulekha.User.UserSide.ExtentReportnew">
    <skipped/>
  </testcase> <!-- skip -->
</testsuite> <!-- Test -->
